2023-03-06 00:31:18,327 - INFO - User martinleontech23@gmail.com logged in successfully
2023-03-06 17:01:45,762 - WARNING - User abdinassirarab003@gmail.com Logg in Attempt Failed
2023-03-06 19:18:40,946 - WARNING - User martinwambugu444@gmail.com Log in Attempt Failed
2023-03-06 21:23:08,513 - INFO - User martinleontech23@gmail.com logged in successfully
2023-03-06 23:15:42,778 - INFO - User martinleontech23@gmail.com logged in successfully
2023-03-07 01:15:44,321 - INFO - User martinleontech23@gmail.com Accessed harriet proposal.pdf
2023-03-07 01:16:11,248 - INFO - User martinleontech23@gmail.com Accessed COSF 424 Criminal investigation Assignment article at HP.pdf
2023-03-08 18:35:41,733 - INFO - User martinleontech23@gmail.com logged in successfully
2023-03-08 19:00:42,638 - INFO - User martinleontech23@gmail.com Access profile successfully
2023-03-08 19:00:58,351 - INFO - User martinleontech23@gmail.com Access profile successfully
2023-03-08 19:01:12,549 - INFO - User martinleontech23@gmail.com Access profile successfully
2023-03-08 19:01:13,742 - INFO - User martinleontech23@gmail.com Access profile successfully
2023-03-08 19:01:14,513 - INFO - User martinleontech23@gmail.com Access profile successfully
2023-03-08 19:01:15,092 - INFO - User martinleontech23@gmail.com Access profile successfully
2023-03-08 19:02:27,857 - INFO - User martinleontech23@gmail.com Access profile successfully
2023-03-08 19:26:00,503 - INFO - User martinleontech23@gmail.com Access profile successfully
2023-03-08 19:29:23,858 - INFO - User martinleontech23@gmail.com Accessed COSF 424 Criminal investigation Assignment article at HP.pdf
2023-03-08 19:29:29,944 - INFO - User martinleontech23@gmail.com Accessed COSF 424 Criminal investigation Assignment article at HP.pdf
2023-03-18 21:13:11,238 - WARNING - User martinleontech23@gmail.com Log in Attempt Failed
2023-03-18 21:13:29,398 - INFO - User martinleontech23@gmail.com logged in successfully
2023-03-18 21:14:29,712 - INFO - User martinleontech23@gmail.com Accessed harriet proposal.pdf
2023-03-18 21:18:33,181 - INFO - User martinleontech23@gmail.com Accessed harriet proposal.pdf
2023-03-18 21:19:03,598 - INFO - User martinleontech23@gmail.com Accessed harriet proposal.pdf
2023-03-18 21:19:59,314 - INFO - User martinleontech23@gmail.com Accessed harriet proposal.pdf
2023-03-18 21:20:31,256 - INFO - User martinleontech23@gmail.com Accessed harriet proposal.pdf
2023-03-18 21:20:56,157 - INFO - User martinleontech23@gmail.com Accessed harriet proposal.pdf
2023-03-18 21:21:17,663 - INFO - User martinleontech23@gmail.com Accessed harriet proposal.pdf
2023-03-18 21:21:55,030 - INFO - User martinleontech23@gmail.com Accessed harriet proposal.pdf
2023-03-19 18:50:42,375 - INFO - User martinleontech23@gmail.com logged in successfully
2023-03-19 18:51:16,821 - INFO - User martinleontech23@gmail.com Accessed harriet proposal.pdf
2023-03-19 18:51:31,331 - INFO - User martinleontech23@gmail.com Accessed COSF 424 Criminal investigation Assignment article at HP.pdf
2023-03-29 12:06:29,855 - INFO - User martinleontech23@gmail.com logged in successfully
2023-03-29 12:08:13,430 - INFO - User martinleontech23@gmail.com Access profile successfully
2023-03-29 12:09:06,232 - INFO - User martinleontech23@gmail.com Access profile successfully
2023-03-29 12:10:28,190 - INFO - User martinleontech23@gmail.com logged in successfully
2023-03-29 12:10:28,199 - INFO - User martinleontech23@gmail.com Access profile successfully
2023-03-29 12:13:11,640 - INFO - User martinleontech23@gmail.com logged in successfully
2023-03-29 12:13:11,673 - INFO - User martinleontech23@gmail.com Access profile successfully
2023-03-29 12:19:33,333 - INFO - User martinleontech23@gmail.com logged in successfully
2023-03-29 12:19:33,343 - INFO - User martinleontech23@gmail.com Access profile successfully
2023-03-29 13:50:52,189 - INFO - User martinleontech23@gmail.com logged in successfully
2023-03-29 13:50:52,198 - INFO - User martinleontech23@gmail.com Access profile successfully
